<?xml version="1.0" encoding="UTF-8"?>
<testng-results total="13" passed="13" failed="0" skipped="0">
  <reporter-output>
  </reporter-output>
  <suite started-at="2019-04-25T14:54:39Z" name="Llibreria20172018" finished-at="2019-04-25T14:54:39Z" duration-ms="61">
    <groups>
    </groups>
    <test started-at="2019-04-25T14:54:39Z" name="metodes suite" finished-at="2019-04-25T14:54:39Z" duration-ms="61">
      <class name="metodes.NumerosNGTest">
        <test-method is-config="true" signature="setUpClass()[pri:0, instance:metodes.NumerosNGTest@74650e52]" started-at="2019-04-25T16:54:39Z" name="setUpClass" finished-at="2019-04-25T16:54:39Z" duration-ms="12" status="PASS">
          <reporter-output>
          </reporter-output>
        </test-method> <!-- setUpClass -->
        <test-method is-config="true" signature="setUpMethod()[pri:0, instance:metodes.NumerosNGTest@74650e52]" started-at="2019-04-25T16:54:39Z" name="setUpMethod" finished-at="2019-04-25T16:54:39Z" duration-ms="1" status="PASS">
          <reporter-output>
          </reporter-output>
        </test-method> <!-- setUpMethod -->
        <test-method signature="testDescFact()[pri:0, instance:metodes.NumerosNGTest@74650e52]" started-at="2019-04-25T16:54:39Z" name="testDescFact" finished-at="2019-04-25T16:54:39Z" duration-ms="2" status="PASS">
          <reporter-output>
          </reporter-output>
        </test-method> <!-- testDescFact -->
        <test-method is-config="true" signature="tearDownMethod()[pri:0, instance:metodes.NumerosNGTest@74650e52]" started-at="2019-04-25T16:54:39Z" name="tearDownMethod" finished-at="2019-04-25T16:54:39Z" duration-ms="0" status="PASS">
          <reporter-output>
          </reporter-output>
        </test-method> <!-- tearDownMethod -->
        <test-method is-config="true" signature="setUpMethod()[pri:0, instance:metodes.NumerosNGTest@74650e52]" started-at="2019-04-25T16:54:39Z" name="setUpMethod" finished-at="2019-04-25T16:54:39Z" duration-ms="1" status="PASS">
          <reporter-output>
          </reporter-output>
        </test-method> <!-- setUpMethod -->
        <test-method signature="testEsPrimer()[pri:0, instance:metodes.NumerosNGTest@74650e52]" started-at="2019-04-25T16:54:39Z" name="testEsPrimer" finished-at="2019-04-25T16:54:39Z" duration-ms="0" status="PASS">
          <reporter-output>
          </reporter-output>
        </test-method> <!-- testEsPrimer -->
        <test-method is-config="true" signature="tearDownMethod()[pri:0, instance:metodes.NumerosNGTest@74650e52]" started-at="2019-04-25T16:54:39Z" name="tearDownMethod" finished-at="2019-04-25T16:54:39Z" duration-ms="0" status="PASS">
          <reporter-output>
          </reporter-output>
        </test-method> <!-- tearDownMethod -->
        <test-method is-config="true" signature="setUpMethod()[pri:0, instance:metodes.NumerosNGTest@74650e52]" started-at="2019-04-25T16:54:39Z" name="setUpMethod" finished-at="2019-04-25T16:54:39Z" duration-ms="1" status="PASS">
          <reporter-output>
          </reporter-output>
        </test-method> <!-- setUpMethod -->
        <test-method signature="testLongitudNumero()[pri:0, instance:metodes.NumerosNGTest@74650e52]" started-at="2019-04-25T16:54:39Z" name="testLongitudNumero" finished-at="2019-04-25T16:54:39Z" duration-ms="0" status="PASS">
          <reporter-output>
          </reporter-output>
        </test-method> <!-- testLongitudNumero -->
        <test-method is-config="true" signature="tearDownMethod()[pri:0, instance:metodes.NumerosNGTest@74650e52]" started-at="2019-04-25T16:54:39Z" name="tearDownMethod" finished-at="2019-04-25T16:54:39Z" duration-ms="0" status="PASS">
          <reporter-output>
          </reporter-output>
        </test-method> <!-- tearDownMethod -->
        <test-method signature="testNumVector()[pri:0, instance:metodes.NumerosNGTest@74650e52]" started-at="2019-04-25T16:54:39Z" name="testNumVector" finished-at="2019-04-25T16:54:39Z" duration-ms="1" status="PASS">
          <reporter-output>
          </reporter-output>
        </test-method> <!-- testNumVector -->
        <test-method is-config="true" signature="setUpMethod()[pri:0, instance:metodes.NumerosNGTest@74650e52]" started-at="2019-04-25T16:54:39Z" name="setUpMethod" finished-at="2019-04-25T16:54:39Z" duration-ms="0" status="PASS">
          <reporter-output>
          </reporter-output>
        </test-method> <!-- setUpMethod -->
        <test-method is-config="true" signature="tearDownMethod()[pri:0, instance:metodes.NumerosNGTest@74650e52]" started-at="2019-04-25T16:54:39Z" name="tearDownMethod" finished-at="2019-04-25T16:54:39Z" duration-ms="1" status="PASS">
          <reporter-output>
          </reporter-output>
        </test-method> <!-- tearDownMethod -->
        <test-method is-config="true" signature="setUpMethod()[pri:0, instance:metodes.NumerosNGTest@74650e52]" started-at="2019-04-25T16:54:39Z" name="setUpMethod" finished-at="2019-04-25T16:54:39Z" duration-ms="0" status="PASS">
          <reporter-output>
          </reporter-output>
        </test-method> <!-- setUpMethod -->
        <test-method is-config="true" signature="tearDownMethod()[pri:0, instance:metodes.NumerosNGTest@74650e52]" started-at="2019-04-25T16:54:39Z" name="tearDownMethod" finished-at="2019-04-25T16:54:39Z" duration-ms="1" status="PASS">
          <reporter-output>
          </reporter-output>
        </test-method> <!-- tearDownMethod -->
        <test-method signature="testRevesNumerov1()[pri:0, instance:metodes.NumerosNGTest@74650e52]" started-at="2019-04-25T16:54:39Z" name="testRevesNumerov1" finished-at="2019-04-25T16:54:39Z" duration-ms="0" status="PASS">
          <reporter-output>
          </reporter-output>
        </test-method> <!-- testRevesNumerov1 -->
        <test-method is-config="true" signature="setUpMethod()[pri:0, instance:metodes.NumerosNGTest@74650e52]" started-at="2019-04-25T16:54:39Z" name="setUpMethod" finished-at="2019-04-25T16:54:39Z" duration-ms="1" status="PASS">
          <reporter-output>
          </reporter-output>
        </test-method> <!-- setUpMethod -->
        <test-method signature="testRevesNumerov2()[pri:0, instance:metodes.NumerosNGTest@74650e52]" started-at="2019-04-25T16:54:39Z" name="testRevesNumerov2" finished-at="2019-04-25T16:54:39Z" duration-ms="0" status="PASS">
          <reporter-output>
          </reporter-output>
        </test-method> <!-- testRevesNumerov2 -->
        <test-method is-config="true" signature="tearDownMethod()[pri:0, instance:metodes.NumerosNGTest@74650e52]" started-at="2019-04-25T16:54:39Z" name="tearDownMethod" finished-at="2019-04-25T16:54:39Z" duration-ms="1" status="PASS">
          <reporter-output>
          </reporter-output>
        </test-method> <!-- tearDownMethod -->
        <test-method signature="testVectorDigits()[pri:0, instance:metodes.NumerosNGTest@74650e52]" started-at="2019-04-25T16:54:39Z" name="testVectorDigits" finished-at="2019-04-25T16:54:39Z" duration-ms="1" status="PASS">
          <reporter-output>
          </reporter-output>
        </test-method> <!-- testVectorDigits -->
        <test-method is-config="true" signature="setUpMethod()[pri:0, instance:metodes.NumerosNGTest@74650e52]" started-at="2019-04-25T16:54:39Z" name="setUpMethod" finished-at="2019-04-25T16:54:39Z" duration-ms="0" status="PASS">
          <reporter-output>
          </reporter-output>
        </test-method> <!-- setUpMethod -->
        <test-method is-config="true" signature="tearDownMethod()[pri:0, instance:metodes.NumerosNGTest@74650e52]" started-at="2019-04-25T16:54:39Z" name="tearDownMethod" finished-at="2019-04-25T16:54:39Z" duration-ms="0" status="PASS">
          <reporter-output>
          </reporter-output>
        </test-method> <!-- tearDownMethod -->
        <test-method is-config="true" signature="tearDownClass()[pri:0, instance:metodes.NumerosNGTest@74650e52]" started-at="2019-04-25T16:54:39Z" name="tearDownClass" finished-at="2019-04-25T16:54:39Z" duration-ms="0" status="PASS">
          <reporter-output>
          </reporter-output>
        </test-method> <!-- tearDownClass -->
      </class> <!-- metodes.NumerosNGTest -->
      <class name="metodes.CadenesNGTest">
        <test-method is-config="true" signature="setUpClass()[pri:0, instance:metodes.CadenesNGTest@1877ab81]" started-at="2019-04-25T16:54:39Z" name="setUpClass" finished-at="2019-04-25T16:54:39Z" duration-ms="1" status="PASS">
          <reporter-output>
          </reporter-output>
        </test-method> <!-- setUpClass -->
        <test-method is-config="true" signature="setUpMethod()[pri:0, instance:metodes.CadenesNGTest@1877ab81]" started-at="2019-04-25T16:54:39Z" name="setUpMethod" finished-at="2019-04-25T16:54:39Z" duration-ms="1" status="PASS">
          <reporter-output>
          </reporter-output>
        </test-method> <!-- setUpMethod -->
        <test-method signature="testBuscaCadena()[pri:0, instance:metodes.CadenesNGTest@1877ab81]" started-at="2019-04-25T16:54:39Z" name="testBuscaCadena" finished-at="2019-04-25T16:54:39Z" duration-ms="0" status="PASS">
          <reporter-output>
          </reporter-output>
        </test-method> <!-- testBuscaCadena -->
        <test-method is-config="true" signature="tearDownMethod()[pri:0, instance:metodes.CadenesNGTest@1877ab81]" started-at="2019-04-25T16:54:39Z" name="tearDownMethod" finished-at="2019-04-25T16:54:39Z" duration-ms="0" status="PASS">
          <reporter-output>
          </reporter-output>
        </test-method> <!-- tearDownMethod -->
        <test-method is-config="true" signature="setUpMethod()[pri:0, instance:metodes.CadenesNGTest@1877ab81]" started-at="2019-04-25T16:54:39Z" name="setUpMethod" finished-at="2019-04-25T16:54:39Z" duration-ms="0" status="PASS">
          <reporter-output>
          </reporter-output>
        </test-method> <!-- setUpMethod -->
        <test-method signature="testBuscaParaula()[pri:0, instance:metodes.CadenesNGTest@1877ab81]" started-at="2019-04-25T16:54:39Z" name="testBuscaParaula" finished-at="2019-04-25T16:54:39Z" duration-ms="1" status="PASS">
          <reporter-output>
          </reporter-output>
        </test-method> <!-- testBuscaParaula -->
        <test-method is-config="true" signature="tearDownMethod()[pri:0, instance:metodes.CadenesNGTest@1877ab81]" started-at="2019-04-25T16:54:39Z" name="tearDownMethod" finished-at="2019-04-25T16:54:39Z" duration-ms="0" status="PASS">
          <reporter-output>
          </reporter-output>
        </test-method> <!-- tearDownMethod -->
        <test-method is-config="true" signature="setUpMethod()[pri:0, instance:metodes.CadenesNGTest@1877ab81]" started-at="2019-04-25T16:54:39Z" name="setUpMethod" finished-at="2019-04-25T16:54:39Z" duration-ms="0" status="PASS">
          <reporter-output>
          </reporter-output>
        </test-method> <!-- setUpMethod -->
        <test-method is-config="true" signature="tearDownMethod()[pri:0, instance:metodes.CadenesNGTest@1877ab81]" started-at="2019-04-25T16:54:39Z" name="tearDownMethod" finished-at="2019-04-25T16:54:39Z" duration-ms="1" status="PASS">
          <reporter-output>
          </reporter-output>
        </test-method> <!-- tearDownMethod -->
        <test-method signature="testBuscaParaula20162017()[pri:0, instance:metodes.CadenesNGTest@1877ab81]" started-at="2019-04-25T16:54:39Z" name="testBuscaParaula20162017" finished-at="2019-04-25T16:54:39Z" duration-ms="0" status="PASS">
          <reporter-output>
          </reporter-output>
        </test-method> <!-- testBuscaParaula20162017 -->
        <test-method is-config="true" signature="setUpMethod()[pri:0, instance:metodes.CadenesNGTest@1877ab81]" started-at="2019-04-25T16:54:39Z" name="setUpMethod" finished-at="2019-04-25T16:54:39Z" duration-ms="0" status="PASS">
          <reporter-output>
          </reporter-output>
        </test-method> <!-- setUpMethod -->
        <test-method signature="testBuscaParaulavDissenyModular()[pri:0, instance:metodes.CadenesNGTest@1877ab81]" started-at="2019-04-25T16:54:39Z" name="testBuscaParaulavDissenyModular" finished-at="2019-04-25T16:54:39Z" duration-ms="0" status="PASS">
          <reporter-output>
          </reporter-output>
        </test-method> <!-- testBuscaParaulavDissenyModular -->
        <test-method is-config="true" signature="tearDownMethod()[pri:0, instance:metodes.CadenesNGTest@1877ab81]" started-at="2019-04-25T16:54:39Z" name="tearDownMethod" finished-at="2019-04-25T16:54:39Z" duration-ms="1" status="PASS">
          <reporter-output>
          </reporter-output>
        </test-method> <!-- tearDownMethod -->
        <test-method is-config="true" signature="setUpMethod()[pri:0, instance:metodes.CadenesNGTest@1877ab81]" started-at="2019-04-25T16:54:39Z" name="setUpMethod" finished-at="2019-04-25T16:54:39Z" duration-ms="0" status="PASS">
          <reporter-output>
          </reporter-output>
        </test-method> <!-- setUpMethod -->
        <test-method signature="testMostraMissatgeSanti()[pri:0, instance:metodes.CadenesNGTest@1877ab81]" started-at="2019-04-25T16:54:39Z" name="testMostraMissatgeSanti" finished-at="2019-04-25T16:54:39Z" duration-ms="1" status="PASS">
          <reporter-output>
          </reporter-output>
        </test-method> <!-- testMostraMissatgeSanti -->
        <test-method is-config="true" signature="tearDownMethod()[pri:0, instance:metodes.CadenesNGTest@1877ab81]" started-at="2019-04-25T16:54:39Z" name="tearDownMethod" finished-at="2019-04-25T16:54:39Z" duration-ms="1" status="PASS">
          <reporter-output>
          </reporter-output>
        </test-method> <!-- tearDownMethod -->
        <test-method is-config="true" signature="setUpMethod()[pri:0, instance:metodes.CadenesNGTest@1877ab81]" started-at="2019-04-25T16:54:39Z" name="setUpMethod" finished-at="2019-04-25T16:54:39Z" duration-ms="0" status="PASS">
          <reporter-output>
          </reporter-output>
        </test-method> <!-- setUpMethod -->
        <test-method is-config="true" signature="tearDownMethod()[pri:0, instance:metodes.CadenesNGTest@1877ab81]" started-at="2019-04-25T16:54:39Z" name="tearDownMethod" finished-at="2019-04-25T16:54:39Z" duration-ms="1" status="PASS">
          <reporter-output>
          </reporter-output>
        </test-method> <!-- tearDownMethod -->
        <test-method signature="testSubcadena()[pri:0, instance:metodes.CadenesNGTest@1877ab81]" started-at="2019-04-25T16:54:39Z" name="testSubcadena" finished-at="2019-04-25T16:54:39Z" duration-ms="0" status="PASS">
          <reporter-output>
          </reporter-output>
        </test-method> <!-- testSubcadena -->
        <test-method is-config="true" signature="tearDownClass()[pri:0, instance:metodes.CadenesNGTest@1877ab81]" started-at="2019-04-25T16:54:39Z" name="tearDownClass" finished-at="2019-04-25T16:54:39Z" duration-ms="0" status="PASS">
          <reporter-output>
          </reporter-output>
        </test-method> <!-- tearDownClass -->
      </class> <!-- metodes.CadenesNGTest -->
    </test> <!-- metodes suite -->
  </suite> <!-- Llibreria20172018 -->
</testng-results>
